# JRE version: Java(TM) SE Runtime Environment 18.9 (11.0.15.1+2) (build 11.0.15.1+2-LTS-10)
# Java VM: Java HotSpot(TM) 64-Bit Server VM 18.9 (11.0.15.1+2-LTS-10, mixed mode, tiered, compressed oops, g1 gc, windows-amd64)
Heap:
 garbage-first heap   total 131072K, used 23785K [0x0000000080000000, 0x0000000100000000)
  region size 1024K, 9 young (9216K), 2 survivors (2048K)
 Metaspace       used 21438K, capacity 21937K, committed 22268K, reserved 536576K
  class space    used 2657K, capacity 2836K, committed 2892K, reserved 516096K
GC Heap History (10 events):
Event: 1.456 GC heap before
{Heap before GC invocations=0 (full 0):
 garbage-first heap   total 131072K, used 17408K [0x0000000080000000, 0x0000000100000000)
  region size 1024K, 14 young (14336K), 0 survivors (0K)
 Metaspace       used 6646K, capacity 6864K, committed 7168K, reserved 524288K
  class space    used 576K, capacity 650K, committed 768K, reserved 516096K
}
Event: 1.462 GC heap after
{Heap after GC invocations=1 (full 0):
 garbage-first heap   total 131072K, used 4171K [0x0000000080000000, 0x0000000100000000)
  region size 1024K, 2 young (2048K), 2 survivors (2048K)
 Metaspace       used 6646K, capacity 6864K, committed 7168K, reserved 524288K
  class space    used 576K, capacity 650K, committed 768K, reserved 516096K
}
Event: 104.473 GC heap before
{Heap before GC invocations=1 (full 0):
 garbage-first heap   total 131072K, used 83019K [0x0000000080000000, 0x0000000100000000)
  region size 1024K, 76 young (77824K), 2 survivors (2048K)
 Metaspace       used 17140K, capacity 17525K, committed 17792K, reserved 532480K
  class space    used 1985K, capacity 2102K, committed 2176K, reserved 516096K
}
Event: 104.483 GC heap after
{Heap after GC invocations=2 (full 0):
 garbage-first heap   total 131072K, used 16275K [0x0000000080000000, 0x0000000100000000)
  region size 1024K, 10 young (10240K), 10 survivors (10240K)
 Metaspace       used 17140K, capacity 17525K, committed 17792K, reserved 532480K
  class space    used 1985K, capacity 2102K, committed 2176K, reserved 516096K
}
Event: 105.872 GC heap before
{Heap before GC invocations=2 (full 0):
 garbage-first heap   total 131072K, used 17299K [0x0000000080000000, 0x0000000100000000)
  region size 1024K, 11 young (11264K), 10 survivors (10240K)
 Metaspace       used 17235K, capacity 17620K, committed 17792K, reserved 532480K
  class space    used 2003K, capacity 2114K, committed 2176K, reserved 516096K
}
Event: 105.880 GC heap after
{Heap after GC invocations=3 (full 0):
 garbage-first heap   total 131072K, used 17127K [0x0000000080000000, 0x0000000100000000)
  region size 1024K, 1 young (1024K), 1 survivors (1024K)
 Metaspace       used 17235K, capacity 17620K, committed 17792K, reserved 532480K
  class space    used 2003K, capacity 2114K, committed 2176K, reserved 516096K
}
Event: 120.712 GC heap before
{Heap before GC invocations=3 (full 0):
 garbage-first heap   total 131072K, used 45799K [0x0000000080000000, 0x0000000100000000)
  region size 1024K, 29 young (29696K), 1 survivors (1024K)
 Metaspace       used 20616K, capacity 21181K, committed 21296K, reserved 536576K
  class space    used 2510K, capacity 2668K, committed 2688K, reserved 516096K
}
Event: 120.714 GC heap after
{Heap after GC invocations=4 (full 0):
 garbage-first heap   total 131072K, used 17571K [0x0000000080000000, 0x0000000100000000)
  region size 1024K, 2 young (2048K), 2 survivors (2048K)
 Metaspace       used 20616K, capacity 21181K, committed 21296K, reserved 536576K
  class space    used 2510K, capacity 2668K, committed 2688K, reserved 516096K
}
Event: 121.251 GC heap before
{Heap before GC invocations=4 (full 0):
 garbage-first heap   total 131072K, used 17571K [0x0000000080000000, 0x0000000100000000)
  region size 1024K, 3 young (3072K), 2 survivors (2048K)
 Metaspace       used 20706K, capacity 21181K, committed 21296K, reserved 536576K
  class space    used 2519K, capacity 2668K, committed 2688K, reserved 516096K
}
Event: 121.267 GC heap after
{Heap after GC invocations=5 (full 0):
 garbage-first heap   total 131072K, used 17641K [0x0000000080000000, 0x0000000100000000)
  region size 1024K, 2 young (2048K), 2 survivors (2048K)
 Metaspace       used 20706K, capacity 21181K, committed 21296K, reserved 536576K
  class space    used 2519K, capacity 2668K, committed 2688K, reserved 516096K
}

